2026-03-19T21:02:10Z [AreaTriggerEvents] Created trigger Temple_EG_A12 at 183.2 4.0 1906.6 ori: 0 0 0
2026-03-19T21:02:10Z [AreaTriggerEvents] Created trigger Temple_EG_GreatHallway at 247.4 61.3  1860.3 ori: 0 0 0
2026-03-19T21:02:10Z [AreaTriggerEvents] Created trigger Temple_EG_Entrance at 378.2 132.1 1479.8 ori: 0 0 0
2026-03-19T21:02:10Z [AreaTriggerEvents] Created trigger ArcticCrypt at 15621 231.4 14845 ori: 0 0 0
2026-03-19T21:02:10Z [AreaTriggerEvents] Created trigger ArcticCrypt2 at 15640 258.6 14828 ori: 0 0 0
2026-03-19T21:02:10Z [AreaTriggerEvents] Created trigger ArcticCrypt3 at 15642 208.9 14788 ori: 0 0 0
2026-03-19T21:02:10Z [AreaTriggerEvents] Created trigger KMUCMain at 7059 573.5 11620 ori: 0 0 0
2026-03-19T21:02:10Z [AreaTriggerEvents] Created trigger KMUCMainBottom at 7249 224.8 11617 ori: 0 0 0
2026-03-19T21:02:10Z [AreaTriggerEvents] Created trigger TempleBridgeJump at 371 49.6 526 ori: 0 0 0
2026-03-19T21:02:10Z [AreaTriggerEvents] Created trigger TempleOutsideTop1 at 739.5 38 483 ori: 0 0 0
2026-03-19T21:02:10Z [AreaTriggerEvents] Created trigger TempleOutsideTop2 at 670 49.5 306 ori: 0 0 0
2026-03-19T21:02:10Z [AreaTriggerEvents] Created trigger TempleWolfTrap at 591 14.3 390 ori: 0 0 0
2026-03-19T21:02:10Z [AreaTriggerEvents] Created trigger TempleInside1 at 865 19.2 410 ori: 0 0 0
2026-03-19T21:02:10Z [AreaTriggerEvents] Created trigger TempleInside2 at 828 38 484 ori: 0 0 0
2026-03-19T21:02:10Z [AreaTriggerEvents] Created trigger TempleHammerTrigger at 366 54.3 868 ori: 0 0 0
2026-03-19T21:02:10Z [AreaTriggerEvents] Created trigger TemplePartB1 at 405 130 1517 ori: 0 0 0
2026-03-19T21:02:10Z [AreaTriggerEvents] Created trigger TemplePartB2 at 417 2.4 1591 ori: 0 0 0
2026-03-19T21:06:25Z [AreaTriggerEvents] Created trigger Temple_EG_A12 at 183.2 4.0 1906.6 ori: 0 0 0
2026-03-19T21:06:25Z [AreaTriggerEvents] Created trigger Temple_EG_GreatHallway at 247.4 61.3  1860.3 ori: 0 0 0
2026-03-19T21:06:25Z [AreaTriggerEvents] Created trigger Temple_EG_Entrance at 378.2 132.1 1479.8 ori: 0 0 0
2026-03-19T21:06:25Z [AreaTriggerEvents] Created trigger ArcticCrypt at 15621 231.4 14845 ori: 0 0 0
2026-03-19T21:06:25Z [AreaTriggerEvents] Created trigger ArcticCrypt2 at 15640 258.6 14828 ori: 0 0 0
2026-03-19T21:06:25Z [AreaTriggerEvents] Created trigger ArcticCrypt3 at 15642 208.9 14788 ori: 0 0 0
2026-03-19T21:06:25Z [AreaTriggerEvents] Created trigger KMUCMain at 7059 573.5 11620 ori: 0 0 0
2026-03-19T21:06:25Z [AreaTriggerEvents] Created trigger KMUCMainBottom at 7249 224.8 11617 ori: 0 0 0
2026-03-19T21:06:25Z [AreaTriggerEvents] Created trigger TempleBridgeJump at 371 49.6 526 ori: 0 0 0
2026-03-19T21:06:25Z [AreaTriggerEvents] Created trigger TempleOutsideTop1 at 739.5 38 483 ori: 0 0 0
2026-03-19T21:06:25Z [AreaTriggerEvents] Created trigger TempleOutsideTop2 at 670 49.5 306 ori: 0 0 0
2026-03-19T21:06:25Z [AreaTriggerEvents] Created trigger TempleWolfTrap at 591 14.3 390 ori: 0 0 0
2026-03-19T21:06:25Z [AreaTriggerEvents] Created trigger TempleInside1 at 865 19.2 410 ori: 0 0 0
2026-03-19T21:06:25Z [AreaTriggerEvents] Created trigger TempleInside2 at 828 38 484 ori: 0 0 0
2026-03-19T21:06:25Z [AreaTriggerEvents] Created trigger TempleHammerTrigger at 366 54.3 868 ori: 0 0 0
2026-03-19T21:06:25Z [AreaTriggerEvents] Created trigger TemplePartB1 at 405 130 1517 ori: 0 0 0
2026-03-19T21:06:25Z [AreaTriggerEvents] Created trigger TemplePartB2 at 417 2.4 1591 ori: 0 0 0
2026-03-19T21:10:44Z [AreaTriggerEvents] Created trigger Temple_EG_A12 at 183.2 4.0 1906.6 ori: 0 0 0
2026-03-19T21:10:44Z [AreaTriggerEvents] Created trigger Temple_EG_GreatHallway at 247.4 61.3  1860.3 ori: 0 0 0
2026-03-19T21:10:44Z [AreaTriggerEvents] Created trigger Temple_EG_Entrance at 378.2 132.1 1479.8 ori: 0 0 0
2026-03-19T21:10:44Z [AreaTriggerEvents] Created trigger ArcticCrypt at 15621 231.4 14845 ori: 0 0 0
2026-03-19T21:10:44Z [AreaTriggerEvents] Created trigger ArcticCrypt2 at 15640 258.6 14828 ori: 0 0 0
2026-03-19T21:10:44Z [AreaTriggerEvents] Created trigger ArcticCrypt3 at 15642 208.9 14788 ori: 0 0 0
2026-03-19T21:10:44Z [AreaTriggerEvents] Created trigger KMUCMain at 7059 573.5 11620 ori: 0 0 0
2026-03-19T21:10:44Z [AreaTriggerEvents] Created trigger KMUCMainBottom at 7249 224.8 11617 ori: 0 0 0
2026-03-19T21:10:44Z [AreaTriggerEvents] Created trigger TempleBridgeJump at 371 49.6 526 ori: 0 0 0
2026-03-19T21:10:44Z [AreaTriggerEvents] Created trigger TempleOutsideTop1 at 739.5 38 483 ori: 0 0 0
2026-03-19T21:10:44Z [AreaTriggerEvents] Created trigger TempleOutsideTop2 at 670 49.5 306 ori: 0 0 0
2026-03-19T21:10:44Z [AreaTriggerEvents] Created trigger TempleWolfTrap at 591 14.3 390 ori: 0 0 0
2026-03-19T21:10:44Z [AreaTriggerEvents] Created trigger TempleInside1 at 865 19.2 410 ori: 0 0 0
2026-03-19T21:10:44Z [AreaTriggerEvents] Created trigger TempleInside2 at 828 38 484 ori: 0 0 0
2026-03-19T21:10:44Z [AreaTriggerEvents] Created trigger TempleHammerTrigger at 366 54.3 868 ori: 0 0 0
2026-03-19T21:10:44Z [AreaTriggerEvents] Created trigger TemplePartB1 at 405 130 1517 ori: 0 0 0
2026-03-19T21:10:44Z [AreaTriggerEvents] Created trigger TemplePartB2 at 417 2.4 1591 ori: 0 0 0
2026-03-22T13:26:43Z [AreaTriggerEvents] ATEConfig: Test-Phase - Erzwinge Vanilla-Werte für: AreaTriggerEvents.json
2026-03-22T13:26:43Z [AreaTriggerEvents] Created trigger Temple_Garden1A at 868.1 109.1 823.5 ori: 0 0 0
2026-03-22T13:26:43Z [AreaTriggerEvents] Created trigger Temple_Garden1B at 868.1 109.1 823.5 ori: 0 0 0
2026-03-22T13:26:43Z [AreaTriggerEvents] Created trigger Temple_Garden2A at 1011.4 68.6 455.4 ori: 0 0 0
2026-03-22T13:26:43Z [AreaTriggerEvents] Created trigger Temple_Garden2B at 1011.4 68.6 455.4 ori: 0 0 0
2026-03-22T13:26:43Z [AreaTriggerEvents] Created trigger Temple_EG_A12 at 183.2 4.0 1906.6 ori: 0 0 0
2026-03-22T13:26:43Z [AreaTriggerEvents] Created trigger Temple_EG_GreatHallway at 247.4 61.3  1860.3 ori: 0 0 0
2026-03-22T13:26:43Z [AreaTriggerEvents] Created trigger Temple_EG_Entrance at 378.2 132.1 1479.8 ori: 0 0 0
2026-03-22T13:26:43Z [AreaTriggerEvents] Created trigger Temple_EG_DropDown at 93.6 4.8 1885 ori: 0 0 0
2026-03-22T13:26:43Z [AreaTriggerEvents] Created trigger ArcticCrypt at 15621 231.4 14845 ori: 0 0 0
2026-03-22T13:26:43Z [AreaTriggerEvents] Created trigger ArcticCrypt2 at 15640 258.6 14828 ori: 0 0 0
2026-03-22T13:26:43Z [AreaTriggerEvents] Created trigger ArcticCrypt3 at 15642 208.9 14788 ori: 0 0 0
2026-03-22T13:26:43Z [AreaTriggerEvents] Created trigger KMUCMain at 7059 573.5 11620 ori: 0 0 0
2026-03-22T13:26:43Z [AreaTriggerEvents] Created trigger KMUCMainBottom at 7249 224.8 11617 ori: 0 0 0
2026-03-22T13:26:43Z [AreaTriggerEvents] Created trigger TempleBridgeJump at 371 49.6 526 ori: 0 0 0
2026-03-22T13:26:43Z [AreaTriggerEvents] Created trigger TempleHammerTrigger at 366 54.3 868 ori: 0 0 0
2026-03-22T13:26:43Z [AreaTriggerEvents] Created trigger TempleOutsideTop1 at 739.5 38 483 ori: 0 0 0
2026-03-22T13:26:43Z [AreaTriggerEvents] Created trigger TempleOutsideTop2 at 670 49.5 306 ori: 0 0 0
2026-03-22T13:26:43Z [AreaTriggerEvents] Created trigger TempleWolfTrap at 591 14.3 390 ori: 0 0 0
2026-03-22T13:26:43Z [AreaTriggerEvents] Created trigger TempleInside1 at 865 19.2 410 ori: 0 0 0
2026-03-22T13:26:43Z [AreaTriggerEvents] Created trigger TempleInside2 at 828 38 484 ori: 0 0 0
2026-03-22T13:26:43Z [AreaTriggerEvents] Created trigger TemplePartB1 at 405 130 1517 ori: 0 0 0
2026-03-22T13:26:43Z [AreaTriggerEvents] Created trigger TemplePartB2 at 417 2.4 1591 ori: 0 0 0
2026-03-22T13:26:43Z [AreaTriggerEvents] Created trigger EscapeRoute1Train at 203 2.9 1810 ori: 0 0 0
2026-03-22T13:26:43Z [AreaTriggerEvents] Created trigger EscapeRoute2Gate at 198.3 2.6 1757.6 ori: 0 0 0
2026-03-22T13:26:43Z [AreaTriggerEvents] Created trigger EscapeRoute3Tunnel at 225.6 2.8 1751.2 ori: 0 0 0
2026-03-22T13:26:43Z [AreaTriggerEvents] Created trigger EscapeRoute4Top at 217.3 2.7 1610 ori: 0 0 0
2026-03-22T13:26:43Z [AreaTriggerEvents] Created trigger EscapeRoute5 at 246.7 16.6 1698.8 ori: 0 0 0
2026-03-22T13:26:43Z [AreaTriggerEvents] Created trigger AnimalLab at 238.3 4.9 1892.5 ori: 0 0 0
2026-03-22T13:27:28Z [AreaTriggerEvents] ATEConfig: Test-Phase - Erzwinge Vanilla-Werte für: AreaTriggerEvents.json
2026-03-22T13:27:28Z [AreaTriggerEvents] Created trigger Temple_Garden1A at 868.1 109.1 823.5 ori: 0 0 0
2026-03-22T13:27:28Z [AreaTriggerEvents] Created trigger Temple_Garden1B at 868.1 109.1 823.5 ori: 0 0 0
2026-03-22T13:27:28Z [AreaTriggerEvents] Created trigger Temple_Garden2A at 1011.4 68.6 455.4 ori: 0 0 0
2026-03-22T13:27:28Z [AreaTriggerEvents] Created trigger Temple_Garden2B at 1011.4 68.6 455.4 ori: 0 0 0
2026-03-22T13:27:28Z [AreaTriggerEvents] Created trigger Temple_EG_A12 at 183.2 4.0 1906.6 ori: 0 0 0
2026-03-22T13:27:28Z [AreaTriggerEvents] Created trigger Temple_EG_GreatHallway at 247.4 61.3  1860.3 ori: 0 0 0
2026-03-22T13:27:28Z [AreaTriggerEvents] Created trigger Temple_EG_Entrance at 378.2 132.1 1479.8 ori: 0 0 0
2026-03-22T13:27:28Z [AreaTriggerEvents] Created trigger Temple_EG_DropDown at 93.6 4.8 1885 ori: 0 0 0
2026-03-22T13:27:28Z [AreaTriggerEvents] Created trigger ArcticCrypt at 15621 231.4 14845 ori: 0 0 0
2026-03-22T13:27:28Z [AreaTriggerEvents] Created trigger ArcticCrypt2 at 15640 258.6 14828 ori: 0 0 0
2026-03-22T13:27:28Z [AreaTriggerEvents] Created trigger ArcticCrypt3 at 15642 208.9 14788 ori: 0 0 0
2026-03-22T13:27:28Z [AreaTriggerEvents] Created trigger KMUCMain at 7059 573.5 11620 ori: 0 0 0
2026-03-22T13:27:28Z [AreaTriggerEvents] Created trigger KMUCMainBottom at 7249 224.8 11617 ori: 0 0 0
2026-03-22T13:27:28Z [AreaTriggerEvents] Created trigger TempleBridgeJump at 371 49.6 526 ori: 0 0 0
2026-03-22T13:27:28Z [AreaTriggerEvents] Created trigger TempleHammerTrigger at 366 54.3 868 ori: 0 0 0
2026-03-22T13:27:28Z [AreaTriggerEvents] Created trigger TempleOutsideTop1 at 739.5 38 483 ori: 0 0 0
2026-03-22T13:27:28Z [AreaTriggerEvents] Created trigger TempleOutsideTop2 at 670 49.5 306 ori: 0 0 0
2026-03-22T13:27:28Z [AreaTriggerEvents] Created trigger TempleWolfTrap at 591 14.3 390 ori: 0 0 0
2026-03-22T13:27:28Z [AreaTriggerEvents] Created trigger TempleInside1 at 865 19.2 410 ori: 0 0 0
2026-03-22T13:27:28Z [AreaTriggerEvents] Created trigger TempleInside2 at 828 38 484 ori: 0 0 0
2026-03-22T13:27:28Z [AreaTriggerEvents] Created trigger TemplePartB1 at 405 130 1517 ori: 0 0 0
2026-03-22T13:27:28Z [AreaTriggerEvents] Created trigger TemplePartB2 at 417 2.4 1591 ori: 0 0 0
2026-03-22T13:27:28Z [AreaTriggerEvents] Created trigger EscapeRoute1Train at 203 2.9 1810 ori: 0 0 0
2026-03-22T13:27:28Z [AreaTriggerEvents] Created trigger EscapeRoute2Gate at 198.3 2.6 1757.6 ori: 0 0 0
2026-03-22T13:27:28Z [AreaTriggerEvents] Created trigger EscapeRoute3Tunnel at 225.6 2.8 1751.2 ori: 0 0 0
2026-03-22T13:27:28Z [AreaTriggerEvents] Created trigger EscapeRoute4Top at 217.3 2.7 1610 ori: 0 0 0
2026-03-22T13:27:28Z [AreaTriggerEvents] Created trigger EscapeRoute5 at 246.7 16.6 1698.8 ori: 0 0 0
2026-03-22T13:27:28Z [AreaTriggerEvents] Created trigger AnimalLab at 238.3 4.9 1892.5 ori: 0 0 0
2026-03-22T13:35:24Z [AreaTriggerEvents] ATEConfig: Test-Phase - Erzwinge Vanilla-Werte für: AreaTriggerEvents.json
2026-03-22T13:35:24Z [AreaTriggerEvents] Created trigger Temple_Garden1A at 868.1 109.1 823.5 ori: 0 0 0
2026-03-22T13:35:24Z [AreaTriggerEvents] Created trigger Temple_Garden1B at 868.1 109.1 823.5 ori: 0 0 0
2026-03-22T13:35:24Z [AreaTriggerEvents] Created trigger Temple_Garden2A at 1011.4 68.6 455.4 ori: 0 0 0
2026-03-22T13:35:24Z [AreaTriggerEvents] Created trigger Temple_Garden2B at 1011.4 68.6 455.4 ori: 0 0 0
2026-03-22T13:35:24Z [AreaTriggerEvents] Created trigger Temple_EG_A12 at 183.2 4.0 1906.6 ori: 0 0 0
2026-03-22T13:35:24Z [AreaTriggerEvents] Created trigger Temple_EG_GreatHallway at 247.4 61.3  1860.3 ori: 0 0 0
2026-03-22T13:35:24Z [AreaTriggerEvents] Created trigger Temple_EG_Entrance at 378.2 132.1 1479.8 ori: 0 0 0
2026-03-22T13:35:24Z [AreaTriggerEvents] Created trigger Temple_EG_DropDown at 93.6 4.8 1885 ori: 0 0 0
2026-03-22T13:35:24Z [AreaTriggerEvents] Created trigger ArcticCrypt at 15621 231.4 14845 ori: 0 0 0
2026-03-22T13:35:24Z [AreaTriggerEvents] Created trigger ArcticCrypt2 at 15640 258.6 14828 ori: 0 0 0
2026-03-22T13:35:24Z [AreaTriggerEvents] Created trigger ArcticCrypt3 at 15642 208.9 14788 ori: 0 0 0
2026-03-22T13:35:24Z [AreaTriggerEvents] Created trigger KMUCMain at 7059 573.5 11620 ori: 0 0 0
2026-03-22T13:35:24Z [AreaTriggerEvents] Created trigger KMUCMainBottom at 7249 224.8 11617 ori: 0 0 0
2026-03-22T13:35:24Z [AreaTriggerEvents] Created trigger TempleBridgeJump at 371 49.6 526 ori: 0 0 0
2026-03-22T13:35:24Z [AreaTriggerEvents] Created trigger TempleHammerTrigger at 366 54.3 868 ori: 0 0 0
2026-03-22T13:35:24Z [AreaTriggerEvents] Created trigger TempleOutsideTop1 at 739.5 38 483 ori: 0 0 0
2026-03-22T13:35:24Z [AreaTriggerEvents] Created trigger TempleOutsideTop2 at 670 49.5 306 ori: 0 0 0
2026-03-22T13:35:24Z [AreaTriggerEvents] Created trigger TempleWolfTrap at 591 14.3 390 ori: 0 0 0
2026-03-22T13:35:24Z [AreaTriggerEvents] Created trigger TempleInside1 at 865 19.2 410 ori: 0 0 0
2026-03-22T13:35:24Z [AreaTriggerEvents] Created trigger TempleInside2 at 828 38 484 ori: 0 0 0
2026-03-22T13:35:24Z [AreaTriggerEvents] Created trigger TemplePartB1 at 405 130 1517 ori: 0 0 0
2026-03-22T13:35:24Z [AreaTriggerEvents] Created trigger TemplePartB2 at 417 2.4 1591 ori: 0 0 0
2026-03-22T13:35:24Z [AreaTriggerEvents] Created trigger EscapeRoute1Train at 203 2.9 1810 ori: 0 0 0
2026-03-22T13:35:24Z [AreaTriggerEvents] Created trigger EscapeRoute2Gate at 198.3 2.6 1757.6 ori: 0 0 0
2026-03-22T13:35:24Z [AreaTriggerEvents] Created trigger EscapeRoute3Tunnel at 225.6 2.8 1751.2 ori: 0 0 0
2026-03-22T13:35:24Z [AreaTriggerEvents] Created trigger EscapeRoute4Top at 217.3 2.7 1610 ori: 0 0 0
2026-03-22T13:35:24Z [AreaTriggerEvents] Created trigger EscapeRoute5 at 246.7 16.6 1698.8 ori: 0 0 0
2026-03-22T13:35:24Z [AreaTriggerEvents] Created trigger AnimalLab at 238.3 4.9 1892.5 ori: 0 0 0
2026-03-22T13:46:54Z [AreaTriggerEvents] Created trigger Temple_Garden1A at 868.1 109.1 823.5 ori: 0 0 0
2026-03-22T13:46:54Z [AreaTriggerEvents] Created trigger Temple_Garden1B at 868.1 109.1 823.5 ori: 0 0 0
2026-03-22T13:46:54Z [AreaTriggerEvents] Created trigger Temple_Garden2A at 1011.4 68.6 455.4 ori: 0 0 0
2026-03-22T13:46:54Z [AreaTriggerEvents] Created trigger Temple_Garden2B at 1011.4 68.6 455.4 ori: 0 0 0
2026-03-22T13:46:54Z [AreaTriggerEvents] Created trigger Temple_EG_A12 at 183.2 4.0 1906.6 ori: 0 0 0
2026-03-22T13:46:54Z [AreaTriggerEvents] Created trigger Temple_EG_GreatHallway at 247.4 61.3  1860.3 ori: 0 0 0
2026-03-22T13:46:54Z [AreaTriggerEvents] Created trigger Temple_EG_Entrance at 378.2 132.1 1479.8 ori: 0 0 0
2026-03-22T13:46:54Z [AreaTriggerEvents] Created trigger Temple_EG_DropDown at 93.6 4.8 1885 ori: 0 0 0
2026-03-22T13:46:54Z [AreaTriggerEvents] Created trigger ArcticCrypt at 15621 231.4 14845 ori: 0 0 0
2026-03-22T13:46:54Z [AreaTriggerEvents] Created trigger ArcticCrypt2 at 15640 258.6 14828 ori: 0 0 0
2026-03-22T13:46:54Z [AreaTriggerEvents] Created trigger ArcticCrypt3 at 15642 208.9 14788 ori: 0 0 0
2026-03-22T13:46:54Z [AreaTriggerEvents] Created trigger KMUCMain at 7059 573.5 11620 ori: 0 0 0
2026-03-22T13:46:54Z [AreaTriggerEvents] Created trigger KMUCMainBottom at 7249 224.8 11617 ori: 0 0 0
2026-03-22T13:46:54Z [AreaTriggerEvents] Created trigger TempleBridgeJump at 371 49.6 526 ori: 0 0 0
2026-03-22T13:46:54Z [AreaTriggerEvents] Created trigger TempleHammerTrigger at 366 54.3 868 ori: 0 0 0
2026-03-22T13:46:54Z [AreaTriggerEvents] Created trigger TempleOutsideTop1 at 739.5 38 483 ori: 0 0 0
2026-03-22T13:46:54Z [AreaTriggerEvents] Created trigger TempleOutsideTop2 at 670 49.5 306 ori: 0 0 0
2026-03-22T13:46:54Z [AreaTriggerEvents] Created trigger TempleWolfTrap at 591 14.3 390 ori: 0 0 0
2026-03-22T13:46:54Z [AreaTriggerEvents] Created trigger TempleInside1 at 865 19.2 410 ori: 0 0 0
2026-03-22T13:46:54Z [AreaTriggerEvents] Created trigger TempleInside2 at 828 38 484 ori: 0 0 0
2026-03-22T13:46:54Z [AreaTriggerEvents] Created trigger TemplePartB1 at 405 130 1517 ori: 0 0 0
2026-03-22T13:46:54Z [AreaTriggerEvents] Created trigger TemplePartB2 at 417 2.4 1591 ori: 0 0 0
2026-03-22T13:46:54Z [AreaTriggerEvents] Created trigger EscapeRoute1Train at 203 2.9 1810 ori: 0 0 0
2026-03-22T13:46:54Z [AreaTriggerEvents] Created trigger EscapeRoute2Gate at 198.3 2.6 1757.6 ori: 0 0 0
2026-03-22T13:46:54Z [AreaTriggerEvents] Created trigger EscapeRoute3Tunnel at 225.6 2.8 1751.2 ori: 0 0 0
2026-03-22T13:46:54Z [AreaTriggerEvents] Created trigger EscapeRoute4Top at 217.3 2.7 1610 ori: 0 0 0
2026-03-22T13:46:54Z [AreaTriggerEvents] Created trigger EscapeRoute5 at 246.7 16.6 1698.8 ori: 0 0 0
2026-03-22T13:46:54Z [AreaTriggerEvents] Created trigger AnimalLab at 238.3 4.9 1892.5 ori: 0 0 0
2026-03-22T14:11:34Z [AreaTriggerEvents] Created trigger Temple_Garden1A at 868.1 109.1 823.5 ori: 0 0 0
2026-03-22T14:11:34Z [AreaTriggerEvents] Created trigger Temple_Garden1B at 868.1 109.1 823.5 ori: 0 0 0
2026-03-22T14:11:34Z [AreaTriggerEvents] Created trigger Temple_Garden2A at 1011.4 68.6 455.4 ori: 0 0 0
2026-03-22T14:11:34Z [AreaTriggerEvents] Created trigger Temple_Garden2B at 1011.4 68.6 455.4 ori: 0 0 0
2026-03-22T14:11:34Z [AreaTriggerEvents] Created trigger Temple_EG_A12 at 183.2 4.0 1906.6 ori: 0 0 0
2026-03-22T14:11:34Z [AreaTriggerEvents] Created trigger Temple_EG_GreatHallway at 247.4 61.3  1860.3 ori: 0 0 0
2026-03-22T14:11:34Z [AreaTriggerEvents] Created trigger Temple_EG_Entrance at 378.2 132.1 1479.8 ori: 0 0 0
2026-03-22T14:11:34Z [AreaTriggerEvents] Created trigger Temple_EG_DropDown at 93.6 4.8 1885 ori: 0 0 0
2026-03-22T14:11:34Z [AreaTriggerEvents] Created trigger ArcticCrypt at 15621 231.4 14845 ori: 0 0 0
2026-03-22T14:11:34Z [AreaTriggerEvents] Created trigger ArcticCrypt2 at 15640 258.6 14828 ori: 0 0 0
2026-03-22T14:11:34Z [AreaTriggerEvents] Created trigger ArcticCrypt3 at 15642 208.9 14788 ori: 0 0 0
2026-03-22T14:11:34Z [AreaTriggerEvents] Created trigger KMUCMain at 7059 573.5 11620 ori: 0 0 0
2026-03-22T14:11:34Z [AreaTriggerEvents] Created trigger KMUCMainBottom at 7249 224.8 11617 ori: 0 0 0
2026-03-22T14:11:34Z [AreaTriggerEvents] Created trigger TempleBridgeJump at 371 49.6 526 ori: 0 0 0
2026-03-22T14:11:34Z [AreaTriggerEvents] Created trigger TempleHammerTrigger at 366 54.3 868 ori: 0 0 0
2026-03-22T14:11:34Z [AreaTriggerEvents] Created trigger TempleOutsideTop1 at 739.5 38 483 ori: 0 0 0
2026-03-22T14:11:34Z [AreaTriggerEvents] Created trigger TempleOutsideTop2 at 670 49.5 306 ori: 0 0 0
2026-03-22T14:11:34Z [AreaTriggerEvents] Created trigger TempleWolfTrap at 591 14.3 390 ori: 0 0 0
2026-03-22T14:11:34Z [AreaTriggerEvents] Created trigger TempleInside1 at 865 19.2 410 ori: 0 0 0
2026-03-22T14:11:34Z [AreaTriggerEvents] Created trigger TempleInside2 at 828 38 484 ori: 0 0 0
2026-03-22T14:11:34Z [AreaTriggerEvents] Created trigger TemplePartB1 at 405 130 1517 ori: 0 0 0
2026-03-22T14:11:34Z [AreaTriggerEvents] Created trigger TemplePartB2 at 417 2.4 1591 ori: 0 0 0
2026-03-22T14:11:34Z [AreaTriggerEvents] Created trigger EscapeRoute1Train at 203 2.9 1810 ori: 0 0 0
2026-03-22T14:11:34Z [AreaTriggerEvents] Created trigger EscapeRoute2Gate at 198.3 2.6 1757.6 ori: 0 0 0
2026-03-22T14:11:34Z [AreaTriggerEvents] Created trigger EscapeRoute3Tunnel at 225.6 2.8 1751.2 ori: 0 0 0
2026-03-22T14:11:34Z [AreaTriggerEvents] Created trigger EscapeRoute4Top at 217.3 2.7 1610 ori: 0 0 0
2026-03-22T14:11:34Z [AreaTriggerEvents] Created trigger EscapeRoute5 at 246.7 16.6 1698.8 ori: 0 0 0
2026-03-22T14:11:34Z [AreaTriggerEvents] Created trigger AnimalLab at 238.3 4.9 1892.5 ori: 0 0 0
2026-03-22T16:20:40Z [AreaTriggerEvents] Created trigger Temple_Garden1A at 868.1 109.1 823.5 ori: 0 0 0
2026-03-22T16:20:40Z [AreaTriggerEvents] Created trigger Temple_Garden1B at 868.1 109.1 823.5 ori: 0 0 0
2026-03-22T16:20:40Z [AreaTriggerEvents] Created trigger Temple_Garden2A at 1011.4 68.6 455.4 ori: 0 0 0
2026-03-22T16:20:40Z [AreaTriggerEvents] Created trigger Temple_Garden2B at 1011.4 68.6 455.4 ori: 0 0 0
2026-03-22T16:20:40Z [AreaTriggerEvents] Created trigger Temple_EG_A12 at 183.2 4.0 1906.6 ori: 0 0 0
2026-03-22T16:20:40Z [AreaTriggerEvents] Created trigger Temple_EG_GreatHallway at 247.4 61.3  1860.3 ori: 0 0 0
2026-03-22T16:20:40Z [AreaTriggerEvents] Created trigger Temple_EG_Entrance at 378.2 132.1 1479.8 ori: 0 0 0
2026-03-22T16:20:40Z [AreaTriggerEvents] Created trigger Temple_EG_DropDown at 93.6 4.8 1885 ori: 0 0 0
2026-03-22T16:20:40Z [AreaTriggerEvents] Created trigger ArcticCrypt at 15621 231.4 14845 ori: 0 0 0
2026-03-22T16:20:40Z [AreaTriggerEvents] Created trigger ArcticCrypt2 at 15640 258.6 14828 ori: 0 0 0
2026-03-22T16:20:40Z [AreaTriggerEvents] Created trigger ArcticCrypt3 at 15642 208.9 14788 ori: 0 0 0
2026-03-22T16:20:40Z [AreaTriggerEvents] Created trigger KMUCMain at 7059 573.5 11620 ori: 0 0 0
2026-03-22T16:20:40Z [AreaTriggerEvents] Created trigger KMUCMainBottom at 7249 224.8 11617 ori: 0 0 0
2026-03-22T16:20:40Z [AreaTriggerEvents] Created trigger TempleBridgeJump at 371 49.6 526 ori: 0 0 0
2026-03-22T16:20:40Z [AreaTriggerEvents] Created trigger TempleHammerTrigger at 366 54.3 868 ori: 0 0 0
2026-03-22T16:20:40Z [AreaTriggerEvents] Created trigger TempleOutsideTop1 at 739.5 38 483 ori: 0 0 0
2026-03-22T16:20:40Z [AreaTriggerEvents] Created trigger TempleOutsideTop2 at 670 49.5 306 ori: 0 0 0
2026-03-22T16:20:40Z [AreaTriggerEvents] Created trigger TempleWolfTrap at 591 14.3 390 ori: 0 0 0
2026-03-22T16:20:40Z [AreaTriggerEvents] Created trigger TempleInside1 at 865 19.2 410 ori: 0 0 0
2026-03-22T16:20:40Z [AreaTriggerEvents] Created trigger TempleInside2 at 828 38 484 ori: 0 0 0
2026-03-22T16:20:40Z [AreaTriggerEvents] Created trigger TemplePartB1 at 405 130 1517 ori: 0 0 0
2026-03-22T16:20:40Z [AreaTriggerEvents] Created trigger TemplePartB2 at 417 2.4 1591 ori: 0 0 0
2026-03-22T16:20:40Z [AreaTriggerEvents] Created trigger EscapeRoute1Train at 203 2.9 1810 ori: 0 0 0
2026-03-22T16:20:40Z [AreaTriggerEvents] Created trigger EscapeRoute2Gate at 198.3 2.6 1757.6 ori: 0 0 0
2026-03-22T16:20:40Z [AreaTriggerEvents] Created trigger EscapeRoute3Tunnel at 225.6 2.8 1751.2 ori: 0 0 0
2026-03-22T16:20:40Z [AreaTriggerEvents] Created trigger EscapeRoute4Top at 217.3 2.7 1610 ori: 0 0 0
2026-03-22T16:20:40Z [AreaTriggerEvents] Created trigger EscapeRoute5 at 246.7 16.6 1698.8 ori: 0 0 0
2026-03-22T16:20:40Z [AreaTriggerEvents] Created trigger AnimalLab at 238.3 4.9 1892.5 ori: 0 0 0
2026-03-22T19:57:54Z [AreaTriggerEvents] Created trigger Temple_Garden1A at 868.1 109.1 823.5 ori: 0 0 0
2026-03-22T19:57:54Z [AreaTriggerEvents] Created trigger Temple_Garden1B at 868.1 109.1 823.5 ori: 0 0 0
2026-03-22T19:57:54Z [AreaTriggerEvents] Created trigger Temple_Garden2A at 1011.4 68.6 455.4 ori: 0 0 0
2026-03-22T19:57:54Z [AreaTriggerEvents] Created trigger Temple_Garden2B at 1011.4 68.6 455.4 ori: 0 0 0
2026-03-22T19:57:54Z [AreaTriggerEvents] Created trigger Temple_EG_A12 at 183.2 4.0 1906.6 ori: 0 0 0
2026-03-22T19:57:54Z [AreaTriggerEvents] Created trigger Temple_EG_GreatHallway at 247.4 61.3  1860.3 ori: 0 0 0
2026-03-22T19:57:54Z [AreaTriggerEvents] Created trigger Temple_EG_Entrance at 378.2 132.1 1479.8 ori: 0 0 0
2026-03-22T19:57:54Z [AreaTriggerEvents] Created trigger Temple_EG_DropDown at 93.6 4.8 1885 ori: 0 0 0
2026-03-22T19:57:54Z [AreaTriggerEvents] Created trigger ArcticCrypt at 15621 231.4 14845 ori: 0 0 0
2026-03-22T19:57:54Z [AreaTriggerEvents] Created trigger ArcticCrypt2 at 15640 258.6 14828 ori: 0 0 0
2026-03-22T19:57:54Z [AreaTriggerEvents] Created trigger ArcticCrypt3 at 15642 208.9 14788 ori: 0 0 0
2026-03-22T19:57:54Z [AreaTriggerEvents] Created trigger KMUCMain at 7059 573.5 11620 ori: 0 0 0
2026-03-22T19:57:54Z [AreaTriggerEvents] Created trigger KMUCMainBottom at 7249 224.8 11617 ori: 0 0 0
2026-03-22T19:57:54Z [AreaTriggerEvents] Created trigger TempleBridgeJump at 371 49.6 526 ori: 0 0 0
2026-03-22T19:57:54Z [AreaTriggerEvents] Created trigger TempleHammerTrigger at 366 54.3 868 ori: 0 0 0
2026-03-22T19:57:54Z [AreaTriggerEvents] Created trigger TempleOutsideTop1 at 739.5 38 483 ori: 0 0 0
2026-03-22T19:57:54Z [AreaTriggerEvents] Created trigger TempleOutsideTop2 at 670 49.5 306 ori: 0 0 0
2026-03-22T19:57:54Z [AreaTriggerEvents] Created trigger TempleWolfTrap at 591 14.3 390 ori: 0 0 0
2026-03-22T19:57:54Z [AreaTriggerEvents] Created trigger TempleInside1 at 865 19.2 410 ori: 0 0 0
2026-03-22T19:57:54Z [AreaTriggerEvents] Created trigger TempleInside2 at 828 38 484 ori: 0 0 0
2026-03-22T19:57:54Z [AreaTriggerEvents] Created trigger TemplePartB1 at 405 130 1517 ori: 0 0 0
2026-03-22T19:57:54Z [AreaTriggerEvents] Created trigger TemplePartB2 at 417 2.4 1591 ori: 0 0 0
2026-03-22T19:57:54Z [AreaTriggerEvents] Created trigger EscapeRoute1Train at 203 2.9 1810 ori: 0 0 0
2026-03-22T19:57:54Z [AreaTriggerEvents] Created trigger EscapeRoute2Gate at 198.3 2.6 1757.6 ori: 0 0 0
2026-03-22T19:57:54Z [AreaTriggerEvents] Created trigger EscapeRoute3Tunnel at 225.6 2.8 1751.2 ori: 0 0 0
2026-03-22T19:57:54Z [AreaTriggerEvents] Created trigger EscapeRoute4Top at 217.3 2.7 1610 ori: 0 0 0
2026-03-22T19:57:54Z [AreaTriggerEvents] Created trigger EscapeRoute5 at 246.7 16.6 1698.8 ori: 0 0 0
2026-03-22T19:57:54Z [AreaTriggerEvents] Created trigger AnimalLab at 238.3 4.9 1892.5 ori: 0 0 0
