21:03:20.391 [MissionAirdrop] An airdrop is heading towards "Oceanville" (pos=<10179.000000, 0.000000, 4722.000000> type=Random_Oceanville) with a ExpansionAirdropContainer_Medical
21:04:31.096 [Expansion Quests] Initialize quest system on the connected client with UID=rjw6F3ezw5A4oZfMhrGpqQRcwQ_8XjR9ZUx1FGdEelQ=
21:04:31.118 [Expansion Quests] Loaded existing player quest data for player with UID=rjw6F3ezw5A4oZfMhrGpqQRcwQ_8XjR9ZUx1FGdEelQ=
21:04:31.118 [Expansion Quests] Check quest initialization for quest with ID=8 | State=STARTED | Player UID=rjw6F3ezw5A4oZfMhrGpqQRcwQ_8XjR9ZUx1FGdEelQ=
21:04:31.118 [Expansion Quests] Create new quest instance for quest with ID=8 | Player UID=rjw6F3ezw5A4oZfMhrGpqQRcwQ_8XjR9ZUx1FGdEelQ=
21:04:31.118 [Expansion Quests] Check quest initialization for quest with ID=9 | State=STARTED | Player UID=rjw6F3ezw5A4oZfMhrGpqQRcwQ_8XjR9ZUx1FGdEelQ=
21:04:31.118 [Expansion Quests] Create new quest instance for quest with ID=9 | Player UID=rjw6F3ezw5A4oZfMhrGpqQRcwQ_8XjR9ZUx1FGdEelQ=
21:04:31.119 [Expansion Quests] Check quest initialization for quest with ID=11 | State=STARTED | Player UID=rjw6F3ezw5A4oZfMhrGpqQRcwQ_8XjR9ZUx1FGdEelQ=
21:04:31.119 [Expansion Quests] Create new quest instance for quest with ID=11 | Player UID=rjw6F3ezw5A4oZfMhrGpqQRcwQ_8XjR9ZUx1FGdEelQ=
21:04:31.119 [Expansion Quests] Check quest initialization for quest with ID=14 | State=COMPLETED | Player UID=rjw6F3ezw5A4oZfMhrGpqQRcwQ_8XjR9ZUx1FGdEelQ=
21:04:31.119 [Expansion Quests] Sending rjw6F3ezw5A4oZfMhrGpqQRcwQ_8XjR9ZUx1FGdEelQ= quest configs to client for player with UID=rjw6F3ezw5A4oZfMhrGpqQRcwQ_8XjR9ZUx1FGdEelQ=
21:04:31.120 [Expansion Quests] Sending player quest data for 4 quests to player with UID=rjw6F3ezw5A4oZfMhrGpqQRcwQ_8XjR9ZUx1FGdEelQ=
21:07:36.245 [AI Object Patrol 00021] Spawning 1 West bots at <5892.129883, 74.184196, 3674.177734>
21:07:36.265 [AI Object Patrol 00021] Global patrol count: 1
21:07:36.265 [AI Object Patrol 00021] Global Expansion AI count: 2 alive, 0 deceased
21:07:36.265 [AI Object Patrol 00021] MilitaryRoaming category patrol count: 1
21:09:31.907 [VehicleEnter] Player "Survivor" (id=rjw6F3ezw5A4oZfMhrGpqQRcwQ_8XjR9ZUx1FGdEelQ=) entered vehicle Mh-6 Little Bird (id=38A045E20247BF63EB7F6B9B27260223 pos=<5448.27, 74.08, 3721.14>) as pilot
21:09:34.977 [VehicleEngine] Player "Survivor" (id=rjw6F3ezw5A4oZfMhrGpqQRcwQ_8XjR9ZUx1FGdEelQ=) started vehicle Mh-6 Little Bird (id=38A045E20247BF63EB7F6B9B27260223 pos=<5448.21, 74.08, 3721.11>)
21:09:40.957 [VehicleEngine] Player "NULL" (id=NULL) stopped vehicle Mh-6 Little Bird (id=38A045E20247BF63EB7F6B9B27260223 pos=<5448.09, 74.08, 3721.06>)
21:09:40.987 [VehicleLeave] Player "Survivor" (id=rjw6F3ezw5A4oZfMhrGpqQRcwQ_8XjR9ZUx1FGdEelQ=) left vehicle Mh-6 Little Bird (id=38A045E20247BF63EB7F6B9B27260223 pos=<5448.09, 74.08, 3721.06>)
21:09:48.613 [VehicleEnter] Player "Survivor" (id=rjw6F3ezw5A4oZfMhrGpqQRcwQ_8XjR9ZUx1FGdEelQ=) entered vehicle ATV (id=E5026FEDA14DBBFECD685BBC4860E1F3 pos=<5450.41, 74.04, 3713.35>) as driver
21:09:56.233 [VehicleEngine] Player "Survivor" (id=rjw6F3ezw5A4oZfMhrGpqQRcwQ_8XjR9ZUx1FGdEelQ=) started vehicle ATV (id=E5026FEDA14DBBFECD685BBC4860E1F3 pos=<5450.41, 74.04, 3713.35>)
21:10:08.751 [VehicleEngine] Player "NULL" (id=NULL) stopped vehicle ATV (id=E5026FEDA14DBBFECD685BBC4860E1F3 pos=<5491.6, 74.04, 3746.29>)
21:10:09.184 [VehicleLeave] Player "Survivor" (id=rjw6F3ezw5A4oZfMhrGpqQRcwQ_8XjR9ZUx1FGdEelQ=) left vehicle ATV (id=E5026FEDA14DBBFECD685BBC4860E1F3 pos=<5491.6, 74.04, 3746.29>)
21:16:06.775 [Killfeed] AI Niki (Ouest) a été tué par Survivor avec un(e) Carabine à levier à une distance de 83m.
21:16:11.200 [AI Object Patrol 00021] West bots were wiped out (spawn position <5892.129883, 74.184196, 3674.177734>, 1/1 deceased)
21:16:11.200 [AI Object Patrol 00021] Global patrol count: 0
21:16:11.200 [AI Object Patrol 00021] Global Expansion AI count: 1 alive, 1 deceased
21:16:11.200 [AI Object Patrol 00021] MilitaryRoaming category patrol count: 0
21:18:33.817 [VehicleEnter] Player "Survivor" (id=rjw6F3ezw5A4oZfMhrGpqQRcwQ_8XjR9ZUx1FGdEelQ=) entered vehicle ATV (id=E5026FEDA14DBBFECD685BBC4860E1F3 pos=<5491.6, 74.04, 3746.29>) as driver
21:18:36.058 [VehicleEngine] Player "Survivor" (id=rjw6F3ezw5A4oZfMhrGpqQRcwQ_8XjR9ZUx1FGdEelQ=) started vehicle ATV (id=E5026FEDA14DBBFECD685BBC4860E1F3 pos=<5491.6, 74.04, 3746.29>)
21:19:07.585 [VehicleEngine] Player "NULL" (id=NULL) stopped vehicle ATV (id=E5026FEDA14DBBFECD685BBC4860E1F3 pos=<5546.58, 74.04, 3649.62>)
21:19:08.017 [VehicleLeave] Player "Survivor" (id=rjw6F3ezw5A4oZfMhrGpqQRcwQ_8XjR9ZUx1FGdEelQ=) left vehicle ATV (id=E5026FEDA14DBBFECD685BBC4860E1F3 pos=<5546.58, 74.04, 3649.62>)
21:20:11.653 [VehicleEnter] Player "Survivor" (id=rjw6F3ezw5A4oZfMhrGpqQRcwQ_8XjR9ZUx1FGdEelQ=) entered vehicle ATV (id=E5026FEDA14DBBFECD685BBC4860E1F3 pos=<5546.58, 74.04, 3649.62>) as driver
21:20:13.783 [VehicleEngine] Player "Survivor" (id=rjw6F3ezw5A4oZfMhrGpqQRcwQ_8XjR9ZUx1FGdEelQ=) started vehicle ATV (id=E5026FEDA14DBBFECD685BBC4860E1F3 pos=<5546.58, 74.04, 3649.62>)
21:20:30.657 [AI Object Patrol 00012] Spawning 1 West bots at <5347.852051, 74.536377, 3726.594482>
21:20:30.676 [AI Object Patrol 00012] Global patrol count: 1
21:20:30.677 [AI Object Patrol 00012] Global Expansion AI count: 2 alive, 1 deceased
21:20:30.677 [AI Object Patrol 00012] MilitaryRoaming category patrol count: 1
21:20:50.438 [AI Object Patrol 00023] Spawning 1 West bots at <5795.312988, 74.535858, 3798.895508>
21:20:50.456 [AI Object Patrol 00023] Global patrol count: 2
21:20:50.456 [AI Object Patrol 00023] Global Expansion AI count: 3 alive, 1 deceased
21:20:50.456 [AI Object Patrol 00023] MilitaryRoaming category patrol count: 2
21:21:46.978 [VehicleEngine] Player "NULL" (id=NULL) stopped vehicle ATV (id=E5026FEDA14DBBFECD685BBC4860E1F3 pos=<7254.21, 37.26, 4634.65>)
21:21:47.423 [VehicleLeave] Player "Survivor" (id=rjw6F3ezw5A4oZfMhrGpqQRcwQ_8XjR9ZUx1FGdEelQ=) left vehicle ATV (id=E5026FEDA14DBBFECD685BBC4860E1F3 pos=<7254.21, 37.26, 4634.65>)
21:25:24.242 [VehicleEnter] Player "Survivor" (id=rjw6F3ezw5A4oZfMhrGpqQRcwQ_8XjR9ZUx1FGdEelQ=) entered vehicle ATV (id=E5026FEDA14DBBFECD685BBC4860E1F3 pos=<7254.21, 37.26, 4634.65>) as driver
21:25:26.858 [VehicleEngine] Player "Survivor" (id=rjw6F3ezw5A4oZfMhrGpqQRcwQ_8XjR9ZUx1FGdEelQ=) started vehicle ATV (id=E5026FEDA14DBBFECD685BBC4860E1F3 pos=<7254.21, 37.26, 4634.65>)
21:25:31.909 [VehicleEngine] Player "NULL" (id=NULL) stopped vehicle ATV (id=E5026FEDA14DBBFECD685BBC4860E1F3 pos=<7255.06, 37.27, 4634.5>)
21:25:32.340 [VehicleLeave] Player "Survivor" (id=rjw6F3ezw5A4oZfMhrGpqQRcwQ_8XjR9ZUx1FGdEelQ=) left vehicle ATV (id=E5026FEDA14DBBFECD685BBC4860E1F3 pos=<7255.06, 37.27, 4634.5>)
21:26:03.239 [VehicleEnter] Player "Survivor" (id=rjw6F3ezw5A4oZfMhrGpqQRcwQ_8XjR9ZUx1FGdEelQ=) entered vehicle ATV (id=E5026FEDA14DBBFECD685BBC4860E1F3 pos=<7255.06, 37.27, 4634.5>) as driver
21:26:05.773 [VehicleLeave] Player "Survivor" (id=rjw6F3ezw5A4oZfMhrGpqQRcwQ_8XjR9ZUx1FGdEelQ=) left vehicle ATV (id=E5026FEDA14DBBFECD685BBC4860E1F3 pos=<7255.06, 37.27, 4634.5>)
21:26:06.221 [AI Object Patrol 00021] Despawning 0 West bots (spawn position <5892.129883, 74.184196, 3674.177734>, 1/1 deceased)
21:26:43.707 [VehicleEnter] Player "Survivor" (id=rjw6F3ezw5A4oZfMhrGpqQRcwQ_8XjR9ZUx1FGdEelQ=) entered vehicle ATV (id=E5026FEDA14DBBFECD685BBC4860E1F3 pos=<7255.06, 37.27, 4634.5>) as driver
21:26:49.108 [VehicleEngine] Player "Survivor" (id=rjw6F3ezw5A4oZfMhrGpqQRcwQ_8XjR9ZUx1FGdEelQ=) started vehicle ATV (id=E5026FEDA14DBBFECD685BBC4860E1F3 pos=<7255.06, 37.27, 4634.5>)
21:27:41.908 [VehicleEngine] Player "Survivor" (id=rjw6F3ezw5A4oZfMhrGpqQRcwQ_8XjR9ZUx1FGdEelQ=) stopped vehicle ATV (id=E5026FEDA14DBBFECD685BBC4860E1F3 pos=<7520.3, 24.68, 3893.45>)
21:27:51.508 [VehicleEngine] Player "Survivor" (id=rjw6F3ezw5A4oZfMhrGpqQRcwQ_8XjR9ZUx1FGdEelQ=) started vehicle ATV (id=E5026FEDA14DBBFECD685BBC4860E1F3 pos=<7520.29, 24.68, 3893.46>)
21:28:25.658 [VehicleEngine] Player "Survivor" (id=rjw6F3ezw5A4oZfMhrGpqQRcwQ_8XjR9ZUx1FGdEelQ=) stopped vehicle ATV (id=E5026FEDA14DBBFECD685BBC4860E1F3 pos=<7520.29, 24.67, 3893.48>)
21:28:43.633 [VehicleEngine] Player "Survivor" (id=rjw6F3ezw5A4oZfMhrGpqQRcwQ_8XjR9ZUx1FGdEelQ=) started vehicle ATV (id=E5026FEDA14DBBFECD685BBC4860E1F3 pos=<7520.29, 24.68, 3893.47>)
21:29:17.133 [VehicleEngine] Player "Survivor" (id=rjw6F3ezw5A4oZfMhrGpqQRcwQ_8XjR9ZUx1FGdEelQ=) stopped vehicle ATV (id=E5026FEDA14DBBFECD685BBC4860E1F3 pos=<7520.28, 24.67, 3893.47>)
21:30:09.758 [VehicleEngine] Player "Survivor" (id=rjw6F3ezw5A4oZfMhrGpqQRcwQ_8XjR9ZUx1FGdEelQ=) started vehicle ATV (id=E5026FEDA14DBBFECD685BBC4860E1F3 pos=<7520.29, 24.68, 3893.44>)
21:30:56.657 [AI Object Patrol 00012] Despawning 1 West bots (spawn position <5347.852051, 74.536377, 3726.594482>, 0/1 deceased)
21:30:56.657 [AI Object Patrol 00012] Global patrol count: 1
21:30:56.657 [AI Object Patrol 00012] Global Expansion AI count: 2 alive, 0 deceased
21:30:56.657 [AI Object Patrol 00012] MilitaryRoaming category patrol count: 1
21:31:11.418 [AI Object Patrol 00023] Despawning 1 West bots (spawn position <5795.312988, 74.535858, 3798.895508>, 0/1 deceased)
21:31:11.418 [AI Object Patrol 00023] Global patrol count: 0
21:31:11.418 [AI Object Patrol 00023] Global Expansion AI count: 1 alive, 0 deceased
21:31:11.418 [AI Object Patrol 00023] MilitaryRoaming category patrol count: 0
21:31:59.464 [Expansion Quests] Deleted quest with ID=8 is a of player with UID=rjw6F3ezw5A4oZfMhrGpqQRcwQ_8XjR9ZUx1FGdEelQ=.
21:31:59.464 [Expansion Quests] Deleted quest with ID=9 is a of player with UID=rjw6F3ezw5A4oZfMhrGpqQRcwQ_8XjR9ZUx1FGdEelQ=.
21:31:59.464 [Expansion Quests] Deleted quest with ID=11 is a of player with UID=rjw6F3ezw5A4oZfMhrGpqQRcwQ_8XjR9ZUx1FGdEelQ=.
21:31:59.477 [VehicleEngine] Player "NULL" (id=NULL) stopped vehicle ATV (id=E5026FEDA14DBBFECD685BBC4860E1F3 pos=<7520.29, 24.68, 3893.46>)
21:33:18.645 [Expansion Quests] Initialize quest system on the connected client with UID=rjw6F3ezw5A4oZfMhrGpqQRcwQ_8XjR9ZUx1FGdEelQ=
21:33:18.651 [Expansion Quests] Loaded existing player quest data for player with UID=rjw6F3ezw5A4oZfMhrGpqQRcwQ_8XjR9ZUx1FGdEelQ=
21:33:18.652 [Expansion Quests] Check quest initialization for quest with ID=8 | State=STARTED | Player UID=rjw6F3ezw5A4oZfMhrGpqQRcwQ_8XjR9ZUx1FGdEelQ=
21:33:18.652 [Expansion Quests] Create new quest instance for quest with ID=8 | Player UID=rjw6F3ezw5A4oZfMhrGpqQRcwQ_8XjR9ZUx1FGdEelQ=
21:33:18.652 [Expansion Quests] Check quest initialization for quest with ID=9 | State=STARTED | Player UID=rjw6F3ezw5A4oZfMhrGpqQRcwQ_8XjR9ZUx1FGdEelQ=
21:33:18.652 [Expansion Quests] Create new quest instance for quest with ID=9 | Player UID=rjw6F3ezw5A4oZfMhrGpqQRcwQ_8XjR9ZUx1FGdEelQ=
21:33:18.652 [Expansion Quests] Check quest initialization for quest with ID=11 | State=STARTED | Player UID=rjw6F3ezw5A4oZfMhrGpqQRcwQ_8XjR9ZUx1FGdEelQ=
21:33:18.652 [Expansion Quests] Create new quest instance for quest with ID=11 | Player UID=rjw6F3ezw5A4oZfMhrGpqQRcwQ_8XjR9ZUx1FGdEelQ=
21:33:18.653 [Expansion Quests] Check quest initialization for quest with ID=14 | State=COMPLETED | Player UID=rjw6F3ezw5A4oZfMhrGpqQRcwQ_8XjR9ZUx1FGdEelQ=
21:33:18.653 [Expansion Quests] Sending rjw6F3ezw5A4oZfMhrGpqQRcwQ_8XjR9ZUx1FGdEelQ= quest configs to client for player with UID=rjw6F3ezw5A4oZfMhrGpqQRcwQ_8XjR9ZUx1FGdEelQ=
21:33:18.653 [Expansion Quests] Sending player quest data for 4 quests to player with UID=rjw6F3ezw5A4oZfMhrGpqQRcwQ_8XjR9ZUx1FGdEelQ=
21:43:16.893 [VehicleEnter] Player "Survivor" (id=rjw6F3ezw5A4oZfMhrGpqQRcwQ_8XjR9ZUx1FGdEelQ=) entered vehicle ATV (id=ADC23EF03E495167E5B8A6A46E1DE5E4 pos=<7516.18, 24.48, 3883.35>) as driver
21:43:19.183 [VehicleEngine] Player "Survivor" (id=rjw6F3ezw5A4oZfMhrGpqQRcwQ_8XjR9ZUx1FGdEelQ=) started vehicle ATV (id=ADC23EF03E495167E5B8A6A46E1DE5E4 pos=<7516.18, 24.48, 3883.35>)
21:43:40.008 [VehicleEngine] Player "Survivor" (id=rjw6F3ezw5A4oZfMhrGpqQRcwQ_8XjR9ZUx1FGdEelQ=) stopped vehicle ATV (id=ADC23EF03E495167E5B8A6A46E1DE5E4 pos=<7555.27, 23.64, 3926.61>)
21:43:43.086 [VehicleLeave] Player "Survivor" (id=rjw6F3ezw5A4oZfMhrGpqQRcwQ_8XjR9ZUx1FGdEelQ=) left vehicle ATV (id=ADC23EF03E495167E5B8A6A46E1DE5E4 pos=<7555.27, 23.64, 3926.61>)
21:45:28.693 [VehicleEnter] Player "Survivor" (id=rjw6F3ezw5A4oZfMhrGpqQRcwQ_8XjR9ZUx1FGdEelQ=) entered vehicle ATV (id=ADC23EF03E495167E5B8A6A46E1DE5E4 pos=<7555.27, 23.64, 3926.61>) as driver
21:45:49.083 [VehicleEngine] Player "Survivor" (id=rjw6F3ezw5A4oZfMhrGpqQRcwQ_8XjR9ZUx1FGdEelQ=) started vehicle ATV (id=ADC23EF03E495167E5B8A6A46E1DE5E4 pos=<7555.27, 23.64, 3926.61>)
21:45:59.526 [VehicleEngine] Player "NULL" (id=NULL) stopped vehicle ATV (id=ADC23EF03E495167E5B8A6A46E1DE5E4 pos=<7516.1, 24.42, 3895.9>)
21:45:59.958 [VehicleLeave] Player "Survivor" (id=rjw6F3ezw5A4oZfMhrGpqQRcwQ_8XjR9ZUx1FGdEelQ=) left vehicle ATV (id=ADC23EF03E495167E5B8A6A46E1DE5E4 pos=<7516.1, 24.42, 3895.91>)
21:46:25.261 [VehicleEnter] Player "Survivor" (id=rjw6F3ezw5A4oZfMhrGpqQRcwQ_8XjR9ZUx1FGdEelQ=) entered vehicle ATV (id=ADC23EF03E495167E5B8A6A46E1DE5E4 pos=<7516.1, 24.42, 3895.91>) as driver
21:46:26.683 [VehicleEngine] Player "Survivor" (id=rjw6F3ezw5A4oZfMhrGpqQRcwQ_8XjR9ZUx1FGdEelQ=) started vehicle ATV (id=ADC23EF03E495167E5B8A6A46E1DE5E4 pos=<7516.11, 24.42, 3895.91>)
21:47:03.661 [AI Object Patrol 00048] Spawning 1 West bots at <6839.172363, 42.564003, 2473.064453>
21:47:03.676 [AI Object Patrol 00048] Global patrol count: 1
21:47:03.676 [AI Object Patrol 00048] Global Expansion AI count: 2 alive, 0 deceased
21:47:03.676 [AI Object Patrol 00048] MilitaryStatic category patrol count: 1
21:49:40.462 [VehicleEngine] Player "NULL" (id=NULL) stopped vehicle ATV (id=ADC23EF03E495167E5B8A6A46E1DE5E4 pos=<8230.19, 3.33, 1893.12>)
21:49:40.462 [VehicleLeave] Player "Survivor" (id=rjw6F3ezw5A4oZfMhrGpqQRcwQ_8XjR9ZUx1FGdEelQ=) left vehicle ATV (id=ADC23EF03E495167E5B8A6A46E1DE5E4 pos=<8230.19, 3.33, 1893.12>)
21:56:19.751 [Expansion Quests] Deleted quest with ID=8 is a of player with UID=rjw6F3ezw5A4oZfMhrGpqQRcwQ_8XjR9ZUx1FGdEelQ=.
21:56:19.751 [Expansion Quests] Deleted quest with ID=9 is a of player with UID=rjw6F3ezw5A4oZfMhrGpqQRcwQ_8XjR9ZUx1FGdEelQ=.
21:56:19.751 [Expansion Quests] Deleted quest with ID=11 is a of player with UID=rjw6F3ezw5A4oZfMhrGpqQRcwQ_8XjR9ZUx1FGdEelQ=.
21:58:45.149 [AI Object Patrol 00048] Despawning 1 West bots (spawn position <6839.172363, 42.564003, 2473.064453>, 0/1 deceased)
21:58:45.149 [AI Object Patrol 00048] Global patrol count: 0
21:58:45.149 [AI Object Patrol 00048] Global Expansion AI count: 1 alive, 0 deceased
21:58:45.149 [AI Object Patrol 00048] MilitaryStatic category patrol count: 0
