---------------------------------------------
Log C:\steam\steamapps\common\DayZServer\profiles\crash_2026-03-22_20-57-26.log started at 22.03. 20:57:54



------------------------------------
DESKTOP-J3UTEK4, 22.03 2026 20:57:54
NULL pointer to instance
Class:      'SardinesCan'
Entity id:3468103

Function: 'InitTemperature'
Stack trace:
scripts/3_Game/entities\entityai.c:2258 Function InitTemperature
scripts/3_Game/entities\entityai.c:923 Function EEInit
DayZExpansion/BaseBuilding/Scripts/4_World/dayzexpansion_basebuilding\entities\itembase.c:205 Function EEInit
scripts/4_World/entities\itembase\edible_base.c:43 Function EEInit
scripts/3_Game/systems\inventory\inventory.c:884 Function CreateInInventory
DeerIsle/DeerIsle_FinderOuter/scripts/5_mission/modded_missionserver.c:77 Function InitializeItemsForSearchManager
DeerIsle/DeerIsle_FinderOuter/scripts/5_mission/modded_missionserver.c:12 Function MissionServer@539#1
$CurrentDir:mpmissions\dayzOffline.deerisle\init.c:110 Function CreateCustomMission

Runtime mode
CLI params: config serverDZ.cfg port 2302 profiles profiles mod @CF;@DabsFramework;@DayZ-Expansion-Bundle;@DayZ-Expansion-Licensed;@DayZ-Expansion-Animations;@InfiniteStamina;@Community-Online-Tools;@DeerIsle 


------------------------------------
DESKTOP-J3UTEK4, 22.03 2026 20:57:54
NULL pointer to instance
Class:      'Rice'
Entity id:3468106

Function: 'InitTemperature'
Stack trace:
scripts/3_Game/entities\entityai.c:2258 Function InitTemperature
scripts/3_Game/entities\entityai.c:923 Function EEInit
DayZExpansion/BaseBuilding/Scripts/4_World/dayzexpansion_basebuilding\entities\itembase.c:205 Function EEInit
scripts/4_World/entities\itembase\edible_base.c:43 Function EEInit
scripts/3_Game/systems\inventory\inventory.c:884 Function CreateInInventory
DeerIsle/DeerIsle_FinderOuter/scripts/5_mission/modded_missionserver.c:77 Function InitializeItemsForSearchManager
DeerIsle/DeerIsle_FinderOuter/scripts/5_mission/modded_missionserver.c:12 Function MissionServer@539#1
$CurrentDir:mpmissions\dayzOffline.deerisle\init.c:110 Function CreateCustomMission

Runtime mode
CLI params: config serverDZ.cfg port 2302 profiles profiles mod @CF;@DabsFramework;@DayZ-Expansion-Bundle;@DayZ-Expansion-Licensed;@DayZ-Expansion-Animations;@InfiniteStamina;@Community-Online-Tools;@DeerIsle 


------------------------------------
DESKTOP-J3UTEK4, 22.03 2026 20:57:54
NULL pointer to instance
Class:      'Rice'
Entity id:3468155

Function: 'InitTemperature'
Stack trace:
scripts/3_Game/entities\entityai.c:2258 Function InitTemperature
scripts/3_Game/entities\entityai.c:923 Function EEInit
DayZExpansion/BaseBuilding/Scripts/4_World/dayzexpansion_basebuilding\entities\itembase.c:205 Function EEInit
scripts/4_World/entities\itembase\edible_base.c:43 Function EEInit
scripts/3_Game/systems\inventory\inventory.c:884 Function CreateInInventory
DeerIsle/DeerIsle_FinderOuter/scripts/5_mission/modded_missionserver.c:77 Function InitializeItemsForSearchManager
DeerIsle/DeerIsle_FinderOuter/scripts/5_mission/modded_missionserver.c:12 Function MissionServer@539#1
$CurrentDir:mpmissions\dayzOffline.deerisle\init.c:110 Function CreateCustomMission

Runtime mode
CLI params: config serverDZ.cfg port 2302 profiles profiles mod @CF;@DabsFramework;@DayZ-Expansion-Bundle;@DayZ-Expansion-Licensed;@DayZ-Expansion-Animations;@InfiniteStamina;@Community-Online-Tools;@DeerIsle 


------------------------------------
DESKTOP-J3UTEK4, 22.03 2026 20:57:54
NULL pointer to instance
Class:      'Canteen'
Entity id:3468162

Function: 'InitTemperature'
Stack trace:
scripts/3_Game/entities\entityai.c:2258 Function InitTemperature
scripts/3_Game/entities\entityai.c:923 Function EEInit
DayZExpansion/BaseBuilding/Scripts/4_World/dayzexpansion_basebuilding\entities\itembase.c:205 Function EEInit
scripts/4_World/entities\itembase\edible_base.c:43 Function EEInit
scripts/3_Game/systems\inventory\inventory.c:884 Function CreateInInventory
DeerIsle/DeerIsle_FinderOuter/scripts/5_mission/modded_missionserver.c:77 Function InitializeItemsForSearchManager
DeerIsle/DeerIsle_FinderOuter/scripts/5_mission/modded_missionserver.c:12 Function MissionServer@539#1
$CurrentDir:mpmissions\dayzOffline.deerisle\init.c:110 Function CreateCustomMission

Runtime mode
CLI params: config serverDZ.cfg port 2302 profiles profiles mod @CF;@DabsFramework;@DayZ-Expansion-Bundle;@DayZ-Expansion-Licensed;@DayZ-Expansion-Animations;@InfiniteStamina;@Community-Online-Tools;@DeerIsle 


------------------------------------
DESKTOP-J3UTEK4, 22.03 2026 22:00:35
Unhandled exception

Program: C:\steam\steamapps\common\DayZServer\DayZServer_x64.exe
Reason: SEH exception thrown. Exception code: 0xc0000374 at 0x7ffffbb3ca39

[RtlIsZeroMemory]: ??? addr:0x7ffffbb3ca39
[RtlIsZeroMemory]: ??? addr:0x7ffffbb3ca03
[_misaligned_access]: ??? addr:0x7ffffbb45a9a
[_misaligned_access]: ??? addr:0x7ffffbb45d7a
[_misaligned_access]: ??? addr:0x7ffffbb51d75
[RtlGetCurrentServiceSessionId]: ??? addr:0x7ffffba6c38c
[RtlFreeHeap]: ??? addr:0x7ffffba6afd1
[free_base]: ??? addr:0x7ffff8e1364b
SymGetSymFromAddr:487, addr:0x7ff66bf42bd2
SymGetSymFromAddr:487, addr:0x7ff66bf6e0f6
SymGetSymFromAddr:487, addr:0x7ff66c3750af
SymGetSymFromAddr:487, addr:0x7ff66c374fd4
SymGetSymFromAddr:487, addr:0x7ff66c1c0a08
SymGetSymFromAddr:487, addr:0x7ff66c13fdfa
SymGetSymFromAddr:487, addr:0x7ff66c1a41e2
SymGetSymFromAddr:487, addr:0x7ff66c1a465e
SymGetSymFromAddr:487, addr:0x7ff66c1b109e
SymGetSymFromAddr:487, addr:0x7ff66c4007d0
[CDPCreateServer]: ??? addr:0x7ff66c858421
[CDPCreateServer]: ??? addr:0x7ff66c85813d
SymGetSymFromAddr:487, addr:0x7ff66c2ab77b
[CDPCreateServer]: ??? addr:0x7ff66c85a4d8
SymGetSymFromAddr:487, addr:0x7ff66c2ab6cf
[CDPCreateServer]: ??? addr:0x7ff66c85adfd
SymGetSymFromAddr:487, addr:0x7ff66c3d737e
[CDPCreateServer]: ??? addr:0x7ff66c9b96fe
[BaseThreadInitThunk]: ??? addr:0x7ffffa30257d
[RtlUserThreadStart]: ??? addr:0x7ffffba8af08
[RtlUserThreadStart]: ??? addr:0x7ffffba8af08



Runtime mode
CLI params: config serverDZ.cfg port 2302 profiles profiles mod @CF;@DabsFramework;@DayZ-Expansion-Bundle;@DayZ-Expansion-Licensed;@DayZ-Expansion-Animations;@InfiniteStamina;@Community-Online-Tools;@DeerIsle 
