---------------------------------------------
Log C:\steam\steamapps\common\DayZServer\profiles\script_2026-03-22_14-40-32.log started at 22.03. 14:40:33

SCRIPT       : Registered 413 temporary action enum(s), UAN==413
SCRIPT    (W): @"UnlimitedALe\ElTQsqhzqrkb\RzoASIAiOUaB\ZXoAZjjfS6s6\DhRyxnz0OlrU\i6sNF7dnzLCp\PoBtGer15ecz.hTcIW8TXEaD6.37281678.sQF.c,4": FIX-ME: Overriding function 'GetStaminaWeightLimitThreshold' but not marked as 'override'
SCRIPT    (W): @"UnlimitedALe\ElTQsqhzqrkb\RzoASIAiOUaB\ZXoAZjjfS6s6\DhRyxnz0OlrU\i6sNF7dnzLCp\PoBtGer15ecz.hTcIW8TXEaD6.37281678.sQF.c,10": FIX-ME: Overriding function 'GetStaminaKgToStaminaPercentPenalty' but not marked as 'override'
SCRIPT    (W): @"UnlimitedALe\ElTQsqhzqrkb\RzoASIAiOUaB\ZXoAZjjfS6s6\DhRyxnz0OlrU\i6sNF7dnzLCp\PoBtGer15ecz.hTcIW8TXEaD6.37281678.sQF.c,16": FIX-ME: Overriding function 'GetStaminaMinCap' but not marked as 'override'
SCRIPT       : Registering faction type eAIFactionShamans ID -1484989417
SCRIPT       : Registering faction type eAIFactionObservers ID -563736721
SCRIPT       : Registering faction type eAIFactionInvincibleObservers ID -1227299746
SCRIPT       : Registering faction type eAIFactionRaiders ID 1535276022
SCRIPT       : Registering faction type eAIFactionYeetBrigade ID 1408543989
SCRIPT       : Registering faction type eAIFactionWest ID 113880155
SCRIPT       : Registering faction type eAIFactionInvincibleYeetBrigade ID -1118767876
SCRIPT       : Registering faction type eAIFactionEast ID 90522109
SCRIPT       : Registering faction type eAIFactionGuards ID 963933710
SCRIPT       : Registering faction type eAIFactionMercenaries ID 1629891834
SCRIPT       : Registering faction type eAIFactionBrawlers ID 1955753718
SCRIPT       : Registering faction type eAIFactionCivilian ID 1096178351
SCRIPT       : Registering faction type eAIFactionPassive ID -1159399789
SCRIPT       : Registering faction type eAIFactionInvincibleGuards ID 782746017
SCRIPT       : ... Backlit Effects Enabled
SCRIPT       : 14:40:35.000 [EXPANSION LOG]: DayZGame<ab081010> Start time (local time) 2026-03-22 14:40:31
SCRIPT       : 14:40:35.000 [EXPANSION LOG]: DayZGame<ab081010> Start time (UTC) 2026-03-22 13:40:31
SCRIPT       : 14:40:35.000 [EXPANSION LOG]: DayZGame<ab081010> Runtime since start (seconds) 4.18
SCRIPT       : Registering faction type eAIFactionLunatics ID 1167351711
SCRIPT       : Registering faction type eAIFactionInfected ID 1371958374
